Exception in thread "AWT-EventQueue-0" java.lang.ArrayIndexOutOfBoundsException: Index 95 out of bounds for length 95
	at java.desktop/javax.swing.plaf.basic.BasicListUI.updateLayoutState(BasicListUI.java:1446)
	at java.desktop/javax.swing.plaf.basic.BasicListUI.maybeUpdateLayoutState(BasicListUI.java:1389)
	at java.desktop/javax.swing.plaf.basic.BasicListUI.getPreferredSize(BasicListUI.java:648)
	at java.desktop/javax.swing.JComponent.getPreferredSize(JComponent.java:1680)
	at java.desktop/javax.swing.ScrollPaneLayout.layoutContainer(ScrollPaneLayout.java:795)
	at java.desktop/java.awt.Container.layout(Container.java:1537)
	at java.desktop/java.awt.Container.doLayout(Container.java:1526)
	at java.desktop/java.awt.Container.validateTree(Container.java:1722)
	at java.desktop/java.awt.Container.validate(Container.java:1657)
	at java.desktop/javax.swing.RepaintManager$3.run(RepaintManager.java:745)
	at java.desktop/javax.swing.RepaintManager$3.run(RepaintManager.java:743)
	at java.base/java.security.AccessController.doPrivileged(Native Method)
	at java.base/java.security.ProtectionDomain$JavaSecurityAccessImpl.doIntersectionPrivilege(ProtectionDomain.java:85)
	at java.desktop/javax.swing.RepaintManager.validateInvalidComponents(RepaintManager.java:742)
	at java.desktop/javax.swing.RepaintManager$ProcessingRunnable.run(RepaintManager.java:1889)
	at java.desktop/java.awt.event.InvocationEvent.dispatch(InvocationEvent.java:313)
	at java.desktop/java.awt.EventQueue.dispatchEventImpl(EventQueue.java:770)
	at java.desktop/java.awt.EventQueue$4.run(EventQueue.java:721)
	at java.desktop/java.awt.EventQueue$4.run(EventQueue.java:715)
	at java.base/java.security.AccessController.doPrivileged(Native Method)
	at java.base/java.security.ProtectionDomain$JavaSecurityAccessImpl.doIntersectionPrivilege(ProtectionDomain.java:85)
	at java.desktop/java.awt.EventQueue.dispatchEvent(EventQueue.java:740)
	at java.desktop/java.awt.EventDispatchThread.pumpOneEventForFilters(EventDispatchThread.java:203)
	at java.desktop/java.awt.EventDispatchThread.pumpEventsForFilter(EventDispatchThread.java:124)
	at java.desktop/java.awt.EventDispatchThread.pumpEventsForHierarchy(EventDispatchThread.java:113)
	at java.desktop/java.awt.EventDispatchThread.pumpEvents(EventDispatchThread.java:109)
	at java.desktop/java.awt.EventDispatchThread.pumpEvents(EventDispatchThread.java:101)
	at java.desktop/java.awt.EventDispatchThread.run(EventDispatchThread.java:90)
Exception in thread "AWT-EventQueue-0" java.lang.ArrayIndexOutOfBoundsException: Index 98 out of bounds for length 98
	at java.desktop/javax.swing.plaf.basic.BasicListUI.updateLayoutState(BasicListUI.java:1446)
	at java.desktop/javax.swing.plaf.basic.BasicListUI.maybeUpdateLayoutState(BasicListUI.java:1389)
	at java.desktop/javax.swing.plaf.basic.BasicListUI.getPreferredSize(BasicListUI.java:648)
	at java.desktop/javax.swing.JComponent.getPreferredSize(JComponent.java:1680)
	at java.desktop/javax.swing.ScrollPaneLayout.layoutContainer(ScrollPaneLayout.java:795)
	at java.desktop/java.awt.Container.layout(Container.java:1537)
	at java.desktop/java.awt.Container.doLayout(Container.java:1526)
	at java.desktop/java.awt.Container.validateTree(Container.java:1722)
	at java.desktop/java.awt.Container.validate(Container.java:1657)
	at java.desktop/javax.swing.RepaintManager$3.run(RepaintManager.java:745)
	at java.desktop/javax.swing.RepaintManager$3.run(RepaintManager.java:743)
	at java.base/java.security.AccessController.doPrivileged(Native Method)
	at java.base/java.security.ProtectionDomain$JavaSecurityAccessImpl.doIntersectionPrivilege(ProtectionDomain.java:85)
	at java.desktop/javax.swing.RepaintManager.validateInvalidComponents(RepaintManager.java:742)
	at java.desktop/javax.swing.RepaintManager$ProcessingRunnable.run(RepaintManager.java:1889)
	at java.desktop/java.awt.event.InvocationEvent.dispatch(InvocationEvent.java:313)
	at java.desktop/java.awt.EventQueue.dispatchEventImpl(EventQueue.java:770)
	at java.desktop/java.awt.EventQueue$4.run(EventQueue.java:721)
	at java.desktop/java.awt.EventQueue$4.run(EventQueue.java:715)
	at java.base/java.security.AccessController.doPrivileged(Native Method)
	at java.base/java.security.ProtectionDomain$JavaSecurityAccessImpl.doIntersectionPrivilege(ProtectionDomain.java:85)
	at java.desktop/java.awt.EventQueue.dispatchEvent(EventQueue.java:740)
	at java.desktop/java.awt.EventDispatchThread.pumpOneEventForFilters(EventDispatchThread.java:203)
	at java.desktop/java.awt.EventDispatchThread.pumpEventsForFilter(EventDispatchThread.java:124)
	at java.desktop/java.awt.EventDispatchThread.pumpEventsForHierarchy(EventDispatchThread.java:113)
	at java.desktop/java.awt.EventDispatchThread.pumpEvents(EventDispatchThread.java:109)
	at java.desktop/java.awt.EventDispatchThread.pumpEvents(EventDispatchThread.java:101)
	at java.desktop/java.awt.EventDispatchThread.run(EventDispatchThread.java:90)
Exception in thread "AWT-EventQueue-0" java.lang.ArrayIndexOutOfBoundsException
Exception in thread "AWT-EventQueue-0" java.lang.ArrayIndexOutOfBoundsException
Exception in thread "AWT-EventQueue-0" java.lang.ArrayIndexOutOfBoundsException
Exception in thread "AWT-EventQueue-0" java.lang.ArrayIndexOutOfBoundsException
Exception in thread "AWT-EventQueue-0" java.lang.ArrayIndexOutOfBoundsException
Exception in thread "AWT-EventQueue-0" java.lang.ArrayIndexOutOfBoundsException
Exception in thread "AWT-EventQueue-0" java.lang.ArrayIndexOutOfBoundsException
Exception in thread "AWT-EventQueue-0" java.lang.ArrayIndexOutOfBoundsException
Exception in thread "AWT-EventQueue-0" java.lang.ArrayIndexOutOfBoundsException
Exception in thread "AWT-EventQueue-0" java.lang.ArrayIndexOutOfBoundsException
Exception in thread "AWT-EventQueue-0" java.lang.ArrayIndexOutOfBoundsException
Exception in thread "AWT-EventQueue-0" java.lang.ArrayIndexOutOfBoundsException
Exception in thread "AWT-EventQueue-0" java.lang.ArrayIndexOutOfBoundsException
Exception in thread "AWT-EventQueue-0" java.lang.ArrayIndexOutOfBoundsException
Exception in thread "AWT-EventQueue-0" java.lang.ArrayIndexOutOfBoundsException
Exception in thread "AWT-EventQueue-0" java.lang.ArrayIndexOutOfBoundsException
Exception in thread "AWT-EventQueue-0" java.lang.ArrayIndexOutOfBoundsException
Exception in thread "AWT-EventQueue-0" java.lang.ArrayIndexOutOfBoundsException
Exception in thread "AWT-EventQueue-0" java.lang.ArrayIndexOutOfBoundsException
Exception in thread "AWT-EventQueue-0" java.lang.ArrayIndexOutOfBoundsException: 1 >= 1
	at java.base/java.util.Vector.elementAt(Vector.java:497)
	at java.desktop/javax.swing.JList$5.getElementAt(JList.java:1729)
	at java.desktop/javax.swing.plaf.basic.BasicListUI.updateLayoutState(BasicListUI.java:1438)
	at java.desktop/javax.swing.plaf.basic.BasicListUI.maybeUpdateLayoutState(BasicListUI.java:1389)
	at java.desktop/javax.swing.plaf.basic.BasicListUI.getPreferredSize(BasicListUI.java:648)
	at java.desktop/javax.swing.JComponent.getPreferredSize(JComponent.java:1680)
	at java.desktop/javax.swing.ScrollPaneLayout.layoutContainer(ScrollPaneLayout.java:795)
	at java.desktop/java.awt.Container.layout(Container.java:1537)
	at java.desktop/java.awt.Container.doLayout(Container.java:1526)
	at java.desktop/java.awt.Container.validateTree(Container.java:1722)
	at java.desktop/java.awt.Container.validate(Container.java:1657)
	at java.desktop/javax.swing.RepaintManager$3.run(RepaintManager.java:745)
	at java.desktop/javax.swing.RepaintManager$3.run(RepaintManager.java:743)
	at java.base/java.security.AccessController.doPrivileged(Native Method)
	at java.base/java.security.ProtectionDomain$JavaSecurityAccessImpl.doIntersectionPrivilege(ProtectionDomain.java:85)
	at java.desktop/javax.swing.RepaintManager.validateInvalidComponents(RepaintManager.java:742)
	at java.desktop/javax.swing.RepaintManager$ProcessingRunnable.run(RepaintManager.java:1889)
	at java.desktop/java.awt.event.InvocationEvent.dispatch(InvocationEvent.java:313)
	at java.desktop/java.awt.EventQueue.dispatchEventImpl(EventQueue.java:770)
	at java.desktop/java.awt.EventQueue$4.run(EventQueue.java:721)
	at java.desktop/java.awt.EventQueue$4.run(EventQueue.java:715)
	at java.base/java.security.AccessController.doPrivileged(Native Method)
	at java.base/java.security.ProtectionDomain$JavaSecurityAccessImpl.doIntersectionPrivilege(ProtectionDomain.java:85)
	at java.desktop/java.awt.EventQueue.dispatchEvent(EventQueue.java:740)
	at java.desktop/java.awt.EventDispatchThread.pumpOneEventForFilters(EventDispatchThread.java:203)
	at java.desktop/java.awt.EventDispatchThread.pumpEventsForFilter(EventDispatchThread.java:124)
	at java.desktop/java.awt.EventDispatchThread.pumpEventsForHierarchy(EventDispatchThread.java:113)
	at java.desktop/java.awt.EventDispatchThread.pumpEvents(EventDispatchThread.java:109)
	at java.desktop/java.awt.EventDispatchThread.pumpEvents(EventDispatchThread.java:101)
	at java.desktop/java.awt.EventDispatchThread.run(EventDispatchThread.java:90)
Exception in thread "AWT-EventQueue-0" java.lang.ArrayIndexOutOfBoundsException
Exception in thread "AWT-EventQueue-0" java.lang.ArrayIndexOutOfBoundsException
Exception in thread "AWT-EventQueue-0" java.lang.ArrayIndexOutOfBoundsException
Exception in thread "AWT-EventQueue-0" java.lang.ArrayIndexOutOfBoundsException
Exception in thread "AWT-EventQueue-0" java.lang.ArrayIndexOutOfBoundsException
Exception in thread "AWT-EventQueue-0" java.lang.ArrayIndexOutOfBoundsException
Exception in thread "AWT-EventQueue-0" java.lang.ArrayIndexOutOfBoundsException
Exception in thread "AWT-EventQueue-0" java.lang.ArrayIndexOutOfBoundsException
Exception in thread "AWT-EventQueue-0" java.lang.ArrayIndexOutOfBoundsException
Exception in thread "AWT-EventQueue-0" java.lang.ArrayIndexOutOfBoundsException
Exception in thread "AWT-EventQueue-0" java.lang.ArrayIndexOutOfBoundsException
Exception in thread "AWT-EventQueue-0" java.lang.ArrayIndexOutOfBoundsException
Exception in thread "AWT-EventQueue-0" java.lang.ArrayIndexOutOfBoundsException
Exception in thread "AWT-EventQueue-0" java.lang.ArrayIndexOutOfBoundsException
Exception in thread "AWT-EventQueue-0" java.lang.ArrayIndexOutOfBoundsException
Exception in thread "AWT-EventQueue-0" java.lang.ArrayIndexOutOfBoundsException
Exception in thread "AWT-EventQueue-0" java.lang.ArrayIndexOutOfBoundsException
Exception in thread "AWT-EventQueue-0" java.lang.ArrayIndexOutOfBoundsException
Exception in thread "AWT-EventQueue-0" java.lang.ArrayIndexOutOfBoundsException
Exception in thread "AWT-EventQueue-0" java.lang.ArrayIndexOutOfBoundsException
Exception in thread "AWT-EventQueue-0" java.lang.ArrayIndexOutOfBoundsException
Exception in thread "AWT-EventQueue-0" java.lang.ArrayIndexOutOfBoundsException
Exception in thread "AWT-EventQueue-0" java.lang.ArrayIndexOutOfBoundsException
Exception in thread "AWT-EventQueue-0" java.lang.ArrayIndexOutOfBoundsException
Exception in thread "AWT-EventQueue-0" java.lang.ArrayIndexOutOfBoundsException
Exception in thread "AWT-EventQueue-0" java.lang.ArrayIndexOutOfBoundsException
Exception in thread "AWT-EventQueue-0" java.lang.ArrayIndexOutOfBoundsException
Exception in thread "AWT-EventQueue-0" java.lang.ArrayIndexOutOfBoundsException
Exception in thread "AWT-EventQueue-0" java.lang.ArrayIndexOutOfBoundsException
Exception in thread "AWT-EventQueue-0" java.lang.ArrayIndexOutOfBoundsException
Exception in thread "AWT-EventQueue-0" java.lang.ArrayIndexOutOfBoundsException
Exception in thread "AWT-EventQueue-0" java.lang.ArrayIndexOutOfBoundsException
Exception in thread "AWT-EventQueue-0" java.lang.ArrayIndexOutOfBoundsException
Exception in thread "AWT-EventQueue-0" java.lang.ArrayIndexOutOfBoundsException
Exception in thread "AWT-EventQueue-0" java.lang.ArrayIndexOutOfBoundsException
Exception in thread "AWT-EventQueue-0" java.lang.ArrayIndexOutOfBoundsException
Exception in thread "AWT-EventQueue-0" java.lang.ArrayIndexOutOfBoundsException
Exception in thread "AWT-EventQueue-0" java.lang.ArrayIndexOutOfBoundsException
Exception in thread "AWT-EventQueue-0" java.lang.ArrayIndexOutOfBoundsException
Exception in thread "AWT-EventQueue-0" java.lang.ArrayIndexOutOfBoundsException
Exception in thread "AWT-EventQueue-0" java.lang.ArrayIndexOutOfBoundsException
Exception in thread "AWT-EventQueue-0" java.lang.ArrayIndexOutOfBoundsException
Exception in thread "AWT-EventQueue-0" java.lang.ArrayIndexOutOfBoundsException
Exception in thread "AWT-EventQueue-0" java.lang.ArrayIndexOutOfBoundsException
Exception in thread "AWT-EventQueue-0" java.lang.ArrayIndexOutOfBoundsException
Exception in thread "AWT-EventQueue-0" java.lang.ArrayIndexOutOfBoundsException
Exception in thread "AWT-EventQueue-0" java.lang.ArrayIndexOutOfBoundsException
Exception in thread "AWT-EventQueue-0" java.lang.ArrayIndexOutOfBoundsException
Exception in thread "AWT-EventQueue-0" java.lang.ArrayIndexOutOfBoundsException
Exception in thread "AWT-EventQueue-0" java.lang.ArrayIndexOutOfBoundsException
Exception in thread "AWT-EventQueue-0" java.lang.ArrayIndexOutOfBoundsException
Exception in thread "AWT-EventQueue-0" java.lang.ArrayIndexOutOfBoundsException
Exception in thread "AWT-EventQueue-0" java.lang.ArrayIndexOutOfBoundsException
Exception in thread "AWT-EventQueue-0" java.lang.ArrayIndexOutOfBoundsException
Exception in thread "AWT-EventQueue-0" java.lang.ArrayIndexOutOfBoundsException
Exception in thread "AWT-EventQueue-0" java.lang.ArrayIndexOutOfBoundsException
Exception in thread "AWT-EventQueue-0" java.lang.ArrayIndexOutOfBoundsException
Exception in thread "AWT-EventQueue-0" java.lang.ArrayIndexOutOfBoundsException
Exception in thread "AWT-EventQueue-0" java.lang.ArrayIndexOutOfBoundsException
Exception in thread "AWT-EventQueue-0" java.lang.ArrayIndexOutOfBoundsException
Exception in thread "AWT-EventQueue-0" java.lang.ArrayIndexOutOfBoundsException
Exception in thread "AWT-EventQueue-0" java.lang.ArrayIndexOutOfBoundsException
Exception in thread "AWT-EventQueue-0" java.lang.ArrayIndexOutOfBoundsException
Exception in thread "AWT-EventQueue-0" java.lang.ArrayIndexOutOfBoundsException
